<?xml version="1.0" encoding="UTF-8"?>
<testsuite name="com.csc.TestPayroll" tests="9" skipped="0" failures="0" errors="0" timestamp="2024-09-23T04:08:13" hostname="Akshats-MacBook-Air.local" time="0.062">
  <properties/>
  <testcase name="testGrossPayRegularHours()" classname="com.csc.TestPayroll" time="0.025"/>
  <testcase name="testLifeInsuranceCostMarriedPlan()" classname="com.csc.TestPayroll" time="0.002"/>
  <testcase name="testDeductionsWithLifeInsurance()" classname="com.csc.TestPayroll" time="0.002"/>
  <testcase name="testLifeInsuranceCostSinglePlan()" classname="com.csc.TestPayroll" time="0.002"/>
  <testcase name="testInsuranceWithThreeDependents()" classname="com.csc.TestPayroll" time="0.003"/>
  <testcase name="testGrossPayOvertime()" classname="com.csc.TestPayroll" time="0.0"/>
  <testcase name="testInsuranceWithLessThanThreeDependents()" classname="com.csc.TestPayroll" time="0.0"/>
  <testcase name="testNetPayWithLifeInsurance()" classname="com.csc.TestPayroll" time="0.0"/>
  <testcase name="testLifeInsuranceCostMarriedWithChildrenPlan()" classname="com.csc.TestPayroll" time="0.004"/>
  <system-out><![CDATA[]]></system-out>
  <system-err><![CDATA[]]></system-err>
</testsuite>
