<?xml version="1.0" encoding="UTF-8"?>
<testsuite name="com.csc.TestPayroll" tests="6" skipped="0" failures="0" errors="0" timestamp="2024-09-09T01:55:40" hostname="Akshats-Air" time="0.046">
  <properties/>
  <testcase name="testGrossPayRegularHours()" classname="com.csc.TestPayroll" time="0.021"/>
  <testcase name="testDeductions()" classname="com.csc.TestPayroll" time="0.003"/>
  <testcase name="testInsuranceWithThreeDependents()" classname="com.csc.TestPayroll" time="0.002"/>
  <testcase name="testNetPay()" classname="com.csc.TestPayroll" time="0.001"/>
  <testcase name="testGrossPayOvertime()" classname="com.csc.TestPayroll" time="0.003"/>
  <testcase name="testInsuranceWithLessThanThreeDependents()" classname="com.csc.TestPayroll" time="0.003"/>
  <system-out><![CDATA[]]></system-out>
  <system-err><![CDATA[]]></system-err>
</testsuite>
